<?xml version="1.0" encoding="UTF-8"?>
<!-- Generated by org.testng.reporters.JUnitReportReporter -->
<testsuite hostname="BANRAOAD-M" failures="0" tests="1" name="pim_Selenium4_Automation.Login" time="16.537" errors="0" timestamp="2024-12-03T10:23:27 IST" skipped="0">
  <testcase classname="pim_Selenium4_Automation.Login" name="login" time="16.537"/>
  <system-out/>
</testsuite> <!-- pim_Selenium4_Automation.Login -->
