<?xml version="1.0" encoding="UTF-8"?>
<!-- Generated by org.testng.reporters.JUnitReportReporter -->
<testsuite hostname="BANRAOAD-M" failures="0" tests="1" name="pim_Selenium4_Automation.GetPIM_Version" time="58.648" errors="0" timestamp="2024-11-25T12:08:15 IST" skipped="0">
  <testcase classname="pim_Selenium4_Automation.GetPIM_Version" name="GetVersion" time="58.648"/>
  <system-out/>
</testsuite> <!-- pim_Selenium4_Automation.GetPIM_Version -->
