<?xml version="1.0" encoding="UTF-8"?>
<!-- Generated by org.testng.reporters.JUnitReportReporter -->
<testsuite hostname="BANRAOAD-M" failures="0" tests="1" name="pim_Selenium4_Automation.Dashboard_Click" time="42.058" errors="0" timestamp="2024-11-25T16:31:42 IST" skipped="0">
  <testcase classname="pim_Selenium4_Automation.Dashboard_Click" name="Click_Dashboard" time="42.058"/>
  <system-out/>
</testsuite> <!-- pim_Selenium4_Automation.Dashboard_Click -->
